make all --print-data-base --no-builtin-variables --no-builtin-rules --question
# GNU Make 3.81
# Copyright (C) 2006  Free Software Foundation, Inc.
# This is free software; see the source for copying conditions.
# There is NO warranty; not even for MERCHANTABILITY or FITNESS FOR A
# PARTICULAR PURPOSE.

# This program built for i386-apple-darwin11.3.0

# Make data base, printed on Sun Aug  7 13:45:58 2022

# Variables

# automatic
<D = $(patsubst %/,%,$(dir $<))
# automatic
?F = $(notdir $?)
# automatic
?D = $(patsubst %/,%,$(dir $?))
# makefile (from `Makefile', line 3)
CPPFLAGS = -Wall -Wextra -Werror -std=c++98
# automatic
@D = $(patsubst %/,%,$(dir $@))
# automatic
@F = $(notdir $@)
# makefile
CURDIR := /Users/ljw/Desktop/k_webserv
# makefile
SHELL = /bin/sh
# makefile (from `Makefile', line 17)
RM = rm -f
# environment
VSCODE_NLS_CONFIG = {"locale":"ko","availableLanguages":{"*":"ko"},"_languagePackId":"2dff5cff996ed6cbe8d8aa8740f86aa0.ko","_translationsConfigFile":"/Users/ljw/Library/Application Support/Code/clp/2dff5cff996ed6cbe8d8aa8740f86aa0.ko/tcf.json","_cacheRoot":"/Users/ljw/Library/Application Support/Code/clp/2dff5cff996ed6cbe8d8aa8740f86aa0.ko","_resolvedLanguagePackCoreLocation":"/Users/ljw/Library/Application Support/Code/clp/2dff5cff996ed6cbe8d8aa8740f86aa0.ko/da76f93349a72022ca4670c1b84860304616aaa2","_corruptedFile":"/Users/ljw/Library/Application Support/Code/clp/2dff5cff996ed6cbe8d8aa8740f86aa0.ko/corrupted.info","_languagePackSupport":true}
# environment
_ = /usr/bin/make
# makefile (from `Makefile', line 1)
MAKEFILE_LIST :=  Makefile
# environment
__CFBundleIdentifier = com.microsoft.VSCode
# makefile (from `Makefile', line 22)
FG_BLUE = \033[34m
# makefile (from `Makefile', line 2)
CPP = c++
# environment
VSCODE_CWD = /
# environment
PATH = /Users/ljw/.brew/bin:/Users/ljw/.rbenv/shims:/Users/ljw/.rbenv/bin:/Library/Frameworks/Python.framework/Versions/3.9/bin:/usr/local/bin:/usr/bin:/bin:/usr/sbin:/sbin:/Library/Apple/usr/bin
# environment
LSCOLORS = Gxfxcxdxbxegedabagacad
# environment
ELECTRON_RUN_AS_NODE = 1
# default
.FEATURES := target-specific order-only second-expansion else-if archives jobserver check-symlink
# environment
SSH_AUTH_SOCK = /private/tmp/com.apple.launchd.T52y36BJCZ/Listeners
# automatic
%F = $(notdir $%)
# makefile (from `Makefile', line 16)
OBJS = $(SRCS:.cpp=.o)
# environment
PWD = /Users/ljw/Desktop/k_webserv
# environment
ORIGINAL_XDG_CURRENT_DESKTOP = undefined
# environment
VSCODE_AMD_ENTRYPOINT = vs/workbench/api/node/extensionHostProcess
# environment
HOME = /Users/ljw
# default
MAKEFILEPATH = $(shell /usr/bin/xcode-select -print-path 2>/dev/null || echo /Developer)/Makefiles
# environment
VSCODE_CODE_CACHE_PATH = /Users/ljw/Library/Application Support/Code/CachedData/da76f93349a72022ca4670c1b84860304616aaa2
# environment
LOGNAME = ljw
# environment
APPLICATION_INSIGHTS_NO_DIAGNOSTIC_CHANNEL = true
# environment
ZSH = /Users/ljw/.oh-my-zsh
# environment
VSCODE_HANDLES_UNCAUGHT_ERRORS = true
# automatic
^D = $(patsubst %/,%,$(dir $^))
# makefile (from `Makefile', line 23)
FG_MAGENTA = \033[35m
# environment
XPC_FLAGS = 0x0
# default
MAKE = $(MAKE_COMMAND)
# default
MAKECMDGOALS := all
# makefile (from `Makefile', line 4)
SRCS = ./main.cpp ./srcs/Cgi.cpp ./srcs/Config.cpp ./srcs/EntityHeader.cpp ./srcs/GeneralHeader.cpp ./srcs/LocationBlock.cpp ./srcs/RequestHeader.cpp ./srcs/Response.cpp ./srcs/ResponseHeader.cpp ./srcs/Server.cpp ./srcs/ServerBlock.cpp ./srcs/Utils.cpp
# environment
SHLVL = 1
# default
MAKE_VERSION := 3.81
# environment
USER = ljw
# makefile
.DEFAULT_GOAL := all
# makefile (from `Makefile', line 1)
NAME = webserv
# environment
LESS = -R
# automatic
%D = $(patsubst %/,%,$(dir $%))
# default
MAKE_COMMAND := /Library/Developer/CommandLineTools/usr/bin/make
# default
.VARIABLES := 
# environment
TMPDIR = /var/folders/m2/d335hqgd21x2xtv8h1tf65_r0000gn/T/
# automatic
*F = $(notdir $*)
# makefile (from `Makefile', line 20)
FG_GREEN = \033[32m
# environment
VSCODE_IPC_HOOK = /Users/ljw/Library/Application Support/Code/1.70.0-main.sock
# environment
MallocNanoZone = 0
# makefile
MAKEFLAGS = Rrqp
# environment
MFLAGS = -Rrqp
# automatic
*D = $(patsubst %/,%,$(dir $*))
# environment
XPC_SERVICE_NAME = application.com.microsoft.VSCode.26625097.26625103
# automatic
+D = $(patsubst %/,%,$(dir $+))
# automatic
+F = $(notdir $+)
# environment
__CF_USER_TEXT_ENCODING = 0x1F5:0x3:0x33
# environment
COMMAND_MODE = unix2003
# default
MAKEFILES := 
# environment
RBENV_SHELL = zsh
# automatic
<F = $(notdir $<)
# makefile (from `Makefile', line 19)
FG_RED = \033[31m
# environment
PAGER = less
# environment
LC_ALL = C
# automatic
^F = $(notdir $^)
# default
SUFFIXES := 
# default
.INCLUDE_DIRS = /usr/local/include
# environment
MAKELEVEL := 0
# environment
LANG = C
# environment
VSCODE_PID = 1252
# makefile (from `Makefile', line 21)
FG_YELLOW = \033[33m
# makefile (from `Makefile', line 25)
NO_COLOR = \033[0m
# variable set hash-table stats:
# Load=75/1024=7%, Rehash=0, Collisions=8/103=8%

# Pattern-specific Variable Values

# No pattern-specific variable values.

# Directories

# . (device 16777221, inode 26912530): 16 files, no impossibilities.
# srcs (device 16777221, inode 26912658): 24 files, no impossibilities so far.

# 40 files, no impossibilities in 2 directories.

# Implicit Rules

%.o: %.cpp compile
#  commands to execute (from `Makefile', line 28):
	@$(CPP) $(CPPFLAGS) -c $< -o $(<:.cpp=.o)
	

# 1 implicit rules, 0 (0.0%) terminal.

# Files

# Not a target:
srcs/Cgi.cpp:
#  Implicit rule search has been done.
#  Last modified 2022-08-07 13:28:21
#  File has been updated.
#  Successfully updated.
# variable set hash-table stats:
# Load=0/32=0%, Rehash=0, Collisions=0/0=0%

srcs/ResponseHeader.o: srcs/ResponseHeader.cpp compile
#  Implicit rule search has been done.
#  Implicit/static pattern stem: `srcs/ResponseHeader'
#  Last modified 2022-08-07 13:38:18
#  File has been updated.
#  Successfully updated.
# variable set hash-table stats:
# Load=0/32=0%, Rehash=0, Collisions=0/0=0%
#  commands to execute (from `Makefile', line 28):
	@$(CPP) $(CPPFLAGS) -c $< -o $(<:.cpp=.o)
	

srcs/LocationBlock.o: srcs/LocationBlock.cpp compile
#  Implicit rule search has been done.
#  Implicit/static pattern stem: `srcs/LocationBlock'
#  Last modified 2022-08-07 13:38:14
#  File has been updated.
#  Successfully updated.
# variable set hash-table stats:
# Load=0/32=0%, Rehash=0, Collisions=0/0=0%
#  commands to execute (from `Makefile', line 28):
	@$(CPP) $(CPPFLAGS) -c $< -o $(<:.cpp=.o)
	

srcs/ServerBlock.o: srcs/ServerBlock.cpp compile
#  Implicit rule search has been done.
#  Implicit/static pattern stem: `srcs/ServerBlock'
#  Last modified 2022-08-07 13:38:21
#  File has been updated.
#  Successfully updated.
# variable set hash-table stats:
# Load=0/32=0%, Rehash=0, Collisions=0/0=0%
#  commands to execute (from `Makefile', line 28):
	@$(CPP) $(CPPFLAGS) -c $< -o $(<:.cpp=.o)
	

all: webserv
#  Phony target (prerequisite of .PHONY).
#  Command-line target.
#  Implicit rule search has not been done.
#  File does not exist.
#  File has been updated.
#  Successfully updated.
# variable set hash-table stats:
# Load=0/32=0%, Rehash=0, Collisions=0/0=0%

webserv: main.o srcs/Cgi.o srcs/Config.o srcs/EntityHeader.o srcs/GeneralHeader.o srcs/LocationBlock.o srcs/RequestHeader.o srcs/Response.o srcs/ResponseHeader.o srcs/Server.o srcs/ServerBlock.o srcs/Utils.o
#  Implicit rule search has not been done.
#  Last modified 2022-08-07 13:38:22
#  File has been updated.
#  Successfully updated.
# variable set hash-table stats:
# Load=0/32=0%, Rehash=0, Collisions=0/0=0%
#  commands to execute (from `Makefile', line 33):
	@echo "${FG_YELLOW} Linking object file(s) . . .\n${NO_COLOR}"
	@$(CPP) $(CPPFLAGS) $(OBJS) -o $(NAME) -I.
	@echo "${FG_GREEN} OK ${NO_COLOR}"
	

.PHONY: all clean fclean re
#  Implicit rule search has not been done.
#  Modification time never checked.
#  File has not been updated.

# Not a target:
srcs/Config.cpp:
#  Implicit rule search has been done.
#  Last modified 2022-08-07 13:28:21
#  File has been updated.
#  Successfully updated.
# variable set hash-table stats:
# Load=0/32=0%, Rehash=0, Collisions=0/0=0%

# Not a target:
srcs/LocationBlock.cpp:
 
#  Implicit rule search has been done.
#  Last modified 2022-08-07 13:36:21
#  File has been updated.
#  Successfully updated.
# variable set hash-table stats:
# Load=0/32=0%, Rehash=0, Collisions=0/0=0%

# Not a target:
.SUFFIXES:
#  Implicit rule search has not been done.
#  Modification time never checked.
#  File has not been updated.

# Not a target:
Makefile:
#  Implicit rule search has been done.
#  Last modified 2022-08-07 13:28:21
#  File has been updated.
#  Successfully updated.
# variable set hash-table stats:
# Load=0/32=0%, Rehash=0, Collisions=0/0=0%

srcs/Response.o: srcs/Response.cpp compile
#  Implicit rule search has been done.
#  Implicit/static pattern stem: `srcs/Response'
#  Last modified 2022-08-07 13:38:17
#  File has been updated.
#  Successfully updated.
# variable set hash-table stats:
# Load=0/32=0%, Rehash=0, Collisions=0/0=0%
#  commands to execute (from `Makefile', line 28):
	@$(CPP) $(CPPFLAGS) -c $< -o $(<:.cpp=.o)
	

# Not a target:
srcs/EntityHeader.cpp:
#  Implicit rule search has been done.
#  Last modified 2022-08-07 13:28:21
#  File has been updated.
#  Successfully updated.
# variable set hash-table stats:
# Load=0/32=0%, Rehash=0, Collisions=0/0=0%

# Not a target:
srcs/Server.cpp:
#  Implicit rule search has been done.
#  Last modified 2022-08-07 13:37:59
#  File has been updated.
#  Successfully updated.
# variable set hash-table stats:
# Load=0/32=0%, Rehash=0, Collisions=0/0=0%

# Not a target:
main.cpp:
#  Implicit rule search has been done.
#  Last modified 2022-08-07 13:28:21
#  File has been updated.
#  Successfully updated.
# variable set hash-table stats:
# Load=0/32=0%, Rehash=0, Collisions=0/0=0%

# Not a target:
srcs/GeneralHeader.cpp:
#  Implicit rule search has been done.
#  Last modified 2022-08-07 13:28:21
#  File has been updated.
#  Successfully updated.
# variable set hash-table stats:
# Load=0/32=0%, Rehash=0, Collisions=0/0=0%

srcs/RequestHeader.o: srcs/RequestHeader.cpp compile
#  Implicit rule search has been done.
#  Implicit/static pattern stem: `srcs/RequestHeader'
#  Last modified 2022-08-07 13:38:15
#  File has been updated.
#  Successfully updated.
# variable set hash-table stats:
# Load=0/32=0%, Rehash=0, Collisions=0/0=0%
#  commands to execute (from `Makefile', line 28):
	@$(CPP) $(CPPFLAGS) -c $< -o $(<:.cpp=.o)
	

# Not a target:
srcs/Utils.cpp:
#  Implicit rule search has been done.
#  Last modified 2022-08-07 13:37:06
#  File has been updated.
#  Successfully updated.
# variable set hash-table stats:
# Load=0/32=0%, Rehash=0, Collisions=0/0=0%

.INTERMEDIATE: compile
#  Implicit rule search has not been done.
#  Modification time never checked.
#  File has not been updated.

srcs/Cgi.o: srcs/Cgi.cpp compile
#  Implicit rule search has been done.
#  Implicit/static pattern stem: `srcs/Cgi'
#  Last modified 2022-08-07 13:38:10
#  File has been updated.
#  Successfully updated.
# variable set hash-table stats:
# Load=0/32=0%, Rehash=0, Collisions=0/0=0%
#  commands to execute (from `Makefile', line 28):
	@$(CPP) $(CPPFLAGS) -c $< -o $(<:.cpp=.o)
	

fclean: clean
#  Phony target (prerequisite of .PHONY).
#  Implicit rule search has not been done.
#  File does not exist.
#  File has not been updated.
#  commands to execute (from `Makefile', line 42):
	@echo "${FG_RED}\n Removing [$(NAME)] file . . .${NO_COLOR}"
	@$(RM) $(NAME)
	

compile:
#  Implicit rule search has not been done.
#  File is an intermediate prerequisite.
#  File does not exist.
#  File has not been updated.
#  commands to execute (from `Makefile', line 48):
	@echo "${FG_BLUE}\n Compiling . . .\n${NO_COLOR}"
	

srcs/Config.o: srcs/Config.cpp compile
#  Implicit rule search has been done.
#  Implicit/static pattern stem: `srcs/Config'
#  Last modified 2022-08-07 13:38:11
#  File has been updated.
#  Successfully updated.
# variable set hash-table stats:
# Load=0/32=0%, Rehash=0, Collisions=0/0=0%
#  commands to execute (from `Makefile', line 28):
	@$(CPP) $(CPPFLAGS) -c $< -o $(<:.cpp=.o)
	

# Not a target:
.DEFAULT:
#  Implicit rule search has not been done.
#  Modification time never checked.
#  File has not been updated.

# Not a target:
srcs/ResponseHeader.cpp:
#  Implicit rule search has been done.
#  Last modified 2022-08-07 13:28:21
#  File has been updated.
#  Successfully updated.
# variable set hash-table stats:
# Load=0/32=0%, Rehash=0, Collisions=0/0=0%

re: fclean all
#  Phony target (prerequisite of .PHONY).
#  Implicit rule search has not been done.
#  File does not exist.
#  File has not been updated.

# Not a target:
srcs/ServerBlock.cpp:
#  Implicit rule search has been done.
#  Last modified 2022-08-07 13:28:21
#  File has been updated.
#  Successfully updated.
# variable set hash-table stats:
# Load=0/32=0%, Rehash=0, Collisions=0/0=0%

clean:
#  Phony target (prerequisite of .PHONY).
#  Implicit rule search has not been done.
#  File does not exist.
#  File has not been updated.
#  commands to execute (from `Makefile', line 38):
	@echo "${FG_MAGENTA}\n Removing object file(s) . . .${NO_COLOR}"
	@$(RM) $(OBJS)
	

srcs/EntityHeader.o: srcs/EntityHeader.cpp compile
#  Implicit rule search has been done.
#  Implicit/static pattern stem: `srcs/EntityHeader'
#  Last modified 2022-08-07 13:38:12
#  File has been updated.
#  Successfully updated.
# variable set hash-table stats:
# Load=0/32=0%, Rehash=0, Collisions=0/0=0%
#  commands to execute (from `Makefile', line 28):
	@$(CPP) $(CPPFLAGS) -c $< -o $(<:.cpp=.o)
	

srcs/Server.o: srcs/Server.cpp compile
#  Implicit rule search has been done.
#  Implicit/static pattern stem: `srcs/Server'
#  Last modified 2022-08-07 13:38:19
#  File has been updated.
#  Successfully updated.
# variable set hash-table stats:
# Load=0/32=0%, Rehash=0, Collisions=0/0=0%
#  commands to execute (from `Makefile', line 28):
	@$(CPP) $(CPPFLAGS) -c $< -o $(<:.cpp=.o)
	

main.o: main.cpp compile
#  Implicit rule search has been done.
#  Implicit/static pattern stem: `main'
#  Last modified 2022-08-07 13:38:09
#  File has been updated.
#  Successfully updated.
# variable set hash-table stats:
# Load=0/32=0%, Rehash=0, Collisions=0/0=0%
#  commands to execute (from `Makefile', line 28):
	@$(CPP) $(CPPFLAGS) -c $< -o $(<:.cpp=.o)
	

srcs/GeneralHeader.o: srcs/GeneralHeader.cpp compile
#  Implicit rule search has been done.
#  Implicit/static pattern stem: `srcs/GeneralHeader'
#  Last modified 2022-08-07 13:38:13
#  File has been updated.
#  Successfully updated.
# variable set hash-table stats:
# Load=0/32=0%, Rehash=0, Collisions=0/0=0%
#  commands to execute (from `Makefile', line 28):
	@$(CPP) $(CPPFLAGS) -c $< -o $(<:.cpp=.o)
	

srcs/Utils.o: srcs/Utils.cpp compile
#  Implicit rule search has been done.
#  Implicit/static pattern stem: `srcs/Utils'
#  Last modified 2022-08-07 13:38:22
#  File has been updated.
#  Successfully updated.
# variable set hash-table stats:
# Load=0/32=0%, Rehash=0, Collisions=0/0=0%
#  commands to execute (from `Makefile', line 28):
	@$(CPP) $(CPPFLAGS) -c $< -o $(<:.cpp=.o)
	

# Not a target:
srcs/Response.cpp:
#  Implicit rule search has been done.
#  Last modified 2022-08-07 13:28:21
#  File has been updated.
#  Successfully updated.
# variable set hash-table stats:
# Load=0/32=0%, Rehash=0, Collisions=0/0=0%

# Not a target:
srcs/RequestHeader.cpp:
#  Implicit rule search has been done.
#  Last modified 2022-08-07 13:28:21
#  File has been updated.
#  Successfully updated.
# variable set hash-table stats:
# Load=0/32=0%, Rehash=0, Collisions=0/0=0%

# files hash-table stats:
# Load=35/1024=3%, Rehash=0, Collisions=3/129=2%
# VPATH Search Paths

# No `vpath' search paths.

# No general (`VPATH' variable) search path.

# # of strings in strcache: 1
# # of strcache buffers: 1
# strcache size: total = 4096 / max = 4096 / min = 4096 / avg = 4096
# strcache free: total = 4087 / max = 4087 / min = 4087 / avg = 4087

# Finished Make data base on Sun Aug  7 13:45:58 2022

 
